<?xml version="1.0" encoding="UTF-8"?>
<!-- Generated by org.testng.reporters.JUnitReportReporter -->
<testsuite name="com.westpac.test.WestpacTest" tests="1" time="96.027" ignored="0" failures="0" timestamp="28 Jun 2017 11:16:07 GMT" skipped="0" hostname="BLRKEC200563L" errors="0">
  <testcase name="testWestPacScenarios" time="96.027" classname="com.westpac.test.WestpacTest"/>
</testsuite> <!-- com.westpac.test.WestpacTest -->
