<?xml version="1.0" encoding="UTF-8"?>
<!-- Generated by org.testng.reporters.JUnitReportReporter -->
<testsuite name="com.westpac.test.NewTest1" tests="1" time="82.479" ignored="0" failures="0" timestamp="27 Jun 2017 08:59:02 GMT" skipped="0" hostname="BLRKEC200563L" errors="0">
  <testcase name="food1" time="82.479" classname="com.westpac.test.NewTest1"/>
</testsuite> <!-- com.westpac.test.NewTest1 -->
